d:\downloads\проект-каппа\проект\kappa-build\проект1\проект1\x64\debug\vc140.pdb
d:\downloads\проект-каппа\проект\kappa-build\проект1\проект1\x64\debug\vc140.idb
d:\downloads\проект-каппа\проект\kappa-build\проект1\проект1\x64\debug\approximation.obj
d:\downloads\проект-каппа\проект\kappa-build\проект1\проект1\x64\debug\approximation_onet.obj
d:\downloads\проект-каппа\проект\kappa-build\проект1\проект1\x64\debug\interaction.obj
d:\downloads\проект-каппа\проект\kappa-build\проект1\проект1\x64\debug\mixture.obj
d:\downloads\проект-каппа\проект\kappa-build\проект1\проект1\x64\debug\numeric.obj
d:\downloads\проект-каппа\проект\kappa-build\проект1\проект1\x64\debug\atom.obj
d:\downloads\проект-каппа\проект\kappa-build\проект1\проект1\x64\debug\molecule.obj
d:\downloads\проект-каппа\проект\kappa-build\проект1\проект1\x64\debug\particle.obj
d:\downloads\проект-каппа\проект\kappa-build\проект1\проект1\x64\debug\thermodiffusion.obj
d:\downloads\проект-каппа\проект\kappa-build\проект1\проект1\x64\debug\diffusion.obj
d:\downloads\проект-каппа\проект\kappa-build\проект1\проект1\x64\debug\diffusion_old.obj
d:\downloads\проект-каппа\проект\kappa-build\проект1\x64\debug\проект1.ilk
d:\downloads\проект-каппа\проект\kappa-build\проект1\x64\debug\проект1.exe
d:\downloads\проект-каппа\проект\kappa-build\проект1\x64\debug\проект1.pdb
d:\downloads\проект-каппа\проект\kappa-build\проект1\проект1\x64\debug\проект1.tlog\cl.command.1.tlog
d:\downloads\проект-каппа\проект\kappa-build\проект1\проект1\x64\debug\проект1.tlog\cl.read.1.tlog
d:\downloads\проект-каппа\проект\kappa-build\проект1\проект1\x64\debug\проект1.tlog\cl.write.1.tlog
d:\downloads\проект-каппа\проект\kappa-build\проект1\проект1\x64\debug\проект1.tlog\link.6544-cvtres.read.1.tlog
d:\downloads\проект-каппа\проект\kappa-build\проект1\проект1\x64\debug\проект1.tlog\link.6544-cvtres.write.1.tlog
d:\downloads\проект-каппа\проект\kappa-build\проект1\проект1\x64\debug\проект1.tlog\link.6544-rc.read.1.tlog
d:\downloads\проект-каппа\проект\kappa-build\проект1\проект1\x64\debug\проект1.tlog\link.6544-rc.write.1.tlog
d:\downloads\проект-каппа\проект\kappa-build\проект1\проект1\x64\debug\проект1.tlog\link.6544.read.1.tlog
d:\downloads\проект-каппа\проект\kappa-build\проект1\проект1\x64\debug\проект1.tlog\link.6544.write.1.tlog
d:\downloads\проект-каппа\проект\kappa-build\проект1\проект1\x64\debug\проект1.tlog\link.command.1.tlog
d:\downloads\проект-каппа\проект\kappa-build\проект1\проект1\x64\debug\проект1.tlog\link.read.1.tlog
d:\downloads\проект-каппа\проект\kappa-build\проект1\проект1\x64\debug\проект1.tlog\link.write.1.tlog
