  diffusion_air.cpp
  diffusion.cpp
  Generating Code...
libyaml-cppmdd.lib(directives.obj) : warning LNK4099: PDB 'yaml-cpp static md.pdb' was not found with 'libyaml-cppmdd.lib(directives.obj)' or at 'D:\downloads\яЁюхъЄ-ъряяр\яЁюхъЄ\Kappa-build\╧ЁюхъЄ1\x64\Debug\yaml-cpp static md.pdb'; linking object as if no debug info
libyaml-cppmdd.lib(exp.obj) : warning LNK4099: PDB 'yaml-cpp static md.pdb' was not found with 'libyaml-cppmdd.lib(exp.obj)' or at 'D:\downloads\яЁюхъЄ-ъряяр\яЁюхъЄ\Kappa-build\╧ЁюхъЄ1\x64\Debug\yaml-cpp static md.pdb'; linking object as if no debug info
libyaml-cppmdd.lib(memory.obj) : warning LNK4099: PDB 'yaml-cpp static md.pdb' was not found with 'libyaml-cppmdd.lib(memory.obj)' or at 'D:\downloads\яЁюхъЄ-ъряяр\яЁюхъЄ\Kappa-build\╧ЁюхъЄ1\x64\Debug\yaml-cpp static md.pdb'; linking object as if no debug info
libyaml-cppmdd.lib(nodebuilder.obj) : warning LNK4099: PDB 'yaml-cpp static md.pdb' was not found with 'libyaml-cppmdd.lib(nodebuilder.obj)' or at 'D:\downloads\яЁюхъЄ-ъряяр\яЁюхъЄ\Kappa-build\╧ЁюхъЄ1\x64\Debug\yaml-cpp static md.pdb'; linking object as if no debug info
libyaml-cppmdd.lib(node_data.obj) : warning LNK4099: PDB 'yaml-cpp static md.pdb' was not found with 'libyaml-cppmdd.lib(node_data.obj)' or at 'D:\downloads\яЁюхъЄ-ъряяр\яЁюхъЄ\Kappa-build\╧ЁюхъЄ1\x64\Debug\yaml-cpp static md.pdb'; linking object as if no debug info
libyaml-cppmdd.lib(parse.obj) : warning LNK4099: PDB 'yaml-cpp static md.pdb' was not found with 'libyaml-cppmdd.lib(parse.obj)' or at 'D:\downloads\яЁюхъЄ-ъряяр\яЁюхъЄ\Kappa-build\╧ЁюхъЄ1\x64\Debug\yaml-cpp static md.pdb'; linking object as if no debug info
libyaml-cppmdd.lib(parser.obj) : warning LNK4099: PDB 'yaml-cpp static md.pdb' was not found with 'libyaml-cppmdd.lib(parser.obj)' or at 'D:\downloads\яЁюхъЄ-ъряяр\яЁюхъЄ\Kappa-build\╧ЁюхъЄ1\x64\Debug\yaml-cpp static md.pdb'; linking object as if no debug info
libyaml-cppmdd.lib(regex_yaml.obj) : warning LNK4099: PDB 'yaml-cpp static md.pdb' was not found with 'libyaml-cppmdd.lib(regex_yaml.obj)' or at 'D:\downloads\яЁюхъЄ-ъряяр\яЁюхъЄ\Kappa-build\╧ЁюхъЄ1\x64\Debug\yaml-cpp static md.pdb'; linking object as if no debug info
libyaml-cppmdd.lib(scanner.obj) : warning LNK4099: PDB 'yaml-cpp static md.pdb' was not found with 'libyaml-cppmdd.lib(scanner.obj)' or at 'D:\downloads\яЁюхъЄ-ъряяр\яЁюхъЄ\Kappa-build\╧ЁюхъЄ1\x64\Debug\yaml-cpp static md.pdb'; linking object as if no debug info
libyaml-cppmdd.lib(scanscalar.obj) : warning LNK4099: PDB 'yaml-cpp static md.pdb' was not found with 'libyaml-cppmdd.lib(scanscalar.obj)' or at 'D:\downloads\яЁюхъЄ-ъряяр\яЁюхъЄ\Kappa-build\╧ЁюхъЄ1\x64\Debug\yaml-cpp static md.pdb'; linking object as if no debug info
libyaml-cppmdd.lib(scantag.obj) : warning LNK4099: PDB 'yaml-cpp static md.pdb' was not found with 'libyaml-cppmdd.lib(scantag.obj)' or at 'D:\downloads\яЁюхъЄ-ъряяр\яЁюхъЄ\Kappa-build\╧ЁюхъЄ1\x64\Debug\yaml-cpp static md.pdb'; linking object as if no debug info
libyaml-cppmdd.lib(scantoken.obj) : warning LNK4099: PDB 'yaml-cpp static md.pdb' was not found with 'libyaml-cppmdd.lib(scantoken.obj)' or at 'D:\downloads\яЁюхъЄ-ъряяр\яЁюхъЄ\Kappa-build\╧ЁюхъЄ1\x64\Debug\yaml-cpp static md.pdb'; linking object as if no debug info
libyaml-cppmdd.lib(simplekey.obj) : warning LNK4099: PDB 'yaml-cpp static md.pdb' was not found with 'libyaml-cppmdd.lib(simplekey.obj)' or at 'D:\downloads\яЁюхъЄ-ъряяр\яЁюхъЄ\Kappa-build\╧ЁюхъЄ1\x64\Debug\yaml-cpp static md.pdb'; linking object as if no debug info
libyaml-cppmdd.lib(singledocparser.obj) : warning LNK4099: PDB 'yaml-cpp static md.pdb' was not found with 'libyaml-cppmdd.lib(singledocparser.obj)' or at 'D:\downloads\яЁюхъЄ-ъряяр\яЁюхъЄ\Kappa-build\╧ЁюхъЄ1\x64\Debug\yaml-cpp static md.pdb'; linking object as if no debug info
libyaml-cppmdd.lib(stream.obj) : warning LNK4099: PDB 'yaml-cpp static md.pdb' was not found with 'libyaml-cppmdd.lib(stream.obj)' or at 'D:\downloads\яЁюхъЄ-ъряяр\яЁюхъЄ\Kappa-build\╧ЁюхъЄ1\x64\Debug\yaml-cpp static md.pdb'; linking object as if no debug info
libyaml-cppmdd.lib(tag.obj) : warning LNK4099: PDB 'yaml-cpp static md.pdb' was not found with 'libyaml-cppmdd.lib(tag.obj)' or at 'D:\downloads\яЁюхъЄ-ъряяр\яЁюхъЄ\Kappa-build\╧ЁюхъЄ1\x64\Debug\yaml-cpp static md.pdb'; linking object as if no debug info
  Проект1.vcxproj -> D:\downloads\проект-каппа\проект\Kappa-build\Проект1\x64\Debug\Проект1.exe
  Проект1.vcxproj -> D:\downloads\проект-каппа\проект\Kappa-build\Проект1\x64\Debug\Проект1.pdb (Partial PDB)
